<?xml version="1.0" encoding="UTF-8"?>
<!-- Generated by org.testng.reporters.JUnitReportReporter -->
<testsuite hostname="LUNA" failures="0" tests="5" name="io.nology.revenuetestingproject.AccountTest" time="15.739" errors="0" timestamp="2023-02-24T03:13:34 AEDT" skipped="0">
  <testcase classname="io.nology.revenuetestingproject.AccountTest" name="showNewAccountOnSubmission" time="6.061"/>
  <system-out/>
  <testcase classname="io.nology.revenuetestingproject.AccountTest" name="clearInputAfterSubmission" time="1.034"/>
  <system-out/>
  <testcase classname="io.nology.revenuetestingproject.AccountTest" name="inputsRequired" time="1.511"/>
  <system-out/>
  <testcase classname="io.nology.revenuetestingproject.AccountTest" name="deleteAccount" time="6.220"/>
  <system-out/>
  <testcase classname="io.nology.revenuetestingproject.AccountTest" name="noAccountsOnPageLoad" time="0.913"/>
  <system-out/>
</testsuite> <!-- io.nology.revenuetestingproject.AccountTest -->
