<?xml version="1.0" encoding="UTF-8"?>
<!-- Generated by org.testng.reporters.JUnitReportReporter -->
<testsuite hostname="LUNA" failures="0" tests="2" name="io.nology.revenuetestingproject.AmazonTest" time="9.694" errors="0" timestamp="2023-02-14T16:13:16 AEDT" skipped="0">
  <testcase classname="io.nology.revenuetestingproject.AmazonTest" name="verifyTitle" time="2.150"/>
  <system-out/>
  <testcase classname="io.nology.revenuetestingproject.AmazonTest" name="verifyLogo" time="7.544"/>
  <system-out/>
</testsuite> <!-- io.nology.revenuetestingproject.AmazonTest -->
