<?xml version="1.0" encoding="UTF-8"?>
<!-- Generated by org.testng.reporters.JUnitReportReporter -->
<testsuite hostname="LUNA" failures="0" tests="6" name="io.nology.revenuetestingproject.AccountTest" time="16.742" errors="0" timestamp="2023-02-24T04:55:22 AEDT" skipped="0">
  <testcase classname="io.nology.revenuetestingproject.AccountTest" name="clearInputAfterSubmission" time="0.994"/>
  <system-out/>
  <testcase classname="io.nology.revenuetestingproject.AccountTest" name="acceptUniqueEmail" time="1.051"/>
  <system-out/>
  <testcase classname="io.nology.revenuetestingproject.AccountTest" name="deleteAccount" time="6.219"/>
  <system-out/>
  <testcase classname="io.nology.revenuetestingproject.AccountTest" name="noAccountsOnPageLoad" time="1.420"/>
  <system-out/>
  <testcase classname="io.nology.revenuetestingproject.AccountTest" name="inputsRequired" time="0.979"/>
  <system-out/>
  <testcase classname="io.nology.revenuetestingproject.AccountTest" name="showNewAccountOnSubmission" time="6.079"/>
  <system-out/>
</testsuite> <!-- io.nology.revenuetestingproject.AccountTest -->
