<?xml version="1.0" encoding="UTF-8"?>
<!-- Generated by org.testng.reporters.JUnitReportReporter -->
<testsuite hostname="LUNA" failures="0" tests="4" name="io.nology.revenuetestingproject.AccountTest" time="14.985" errors="0" timestamp="2023-02-03T03:40:57 AEDT" skipped="0">
  <testcase classname="io.nology.revenuetestingproject.AccountTest" name="showNewAccountOnSubmission" time="6.526"/>
  <system-out/>
  <testcase classname="io.nology.revenuetestingproject.AccountTest" name="clearInputAfterSubmission" time="1.262"/>
  <system-out/>
  <testcase classname="io.nology.revenuetestingproject.AccountTest" name="deleteAccount" time="6.285"/>
  <system-out/>
  <testcase classname="io.nology.revenuetestingproject.AccountTest" name="noAccountsOnPageLoad" time="0.912"/>
  <system-out/>
</testsuite> <!-- io.nology.revenuetestingproject.AccountTest -->
